This is TeX, Version 3.14159 (Web2C 7.3.1) (format=latex 2003.2.18)  8 JAN 2004 13:39
**thessamp
(thessamp.tex
LaTeX2e <2001/06/01>
Babel <v3.7h> and hyphenation patterns for american, french, german, ngerman, i
talian, nohyphenation, loaded.
(/usr/share/texmf/tex/latex/base/latex209.def
File: latex209.def 1998/05/13 v0.52 Standard LaTeX file


          Entering LaTeX 2.09 COMPATIBILITY MODE
 *************************************************************
    !!WARNING!!    !!WARNING!!    !!WARNING!!    !!WARNING!!   
 
 This mode attempts to provide an emulation of the LaTeX 2.09
 author environment so that OLD documents can be successfully
 processed. It should NOT be used for NEW documents!
 
 New documents should use Standard LaTeX conventions and start
 with the \documentclass command.
 
 Compatibility mode is UNLIKELY TO WORK with LaTeX 2.09 style
 files that change any internal macros, especially not with
 those that change the FONT SELECTION or OUTPUT ROUTINES.
 
 Therefore such style files MUST BE UPDATED to use
          Current Standard LaTeX: LaTeX2e.
 If you suspect that you may be using such a style file, which
 is probably very, very old by now, then you should attempt to
 get it updated by sending a copy of this error message to the
 author of that file.
 *************************************************************

\footheight=\dimen102
\@maxsep=\dimen103
\@dblmaxsep=\dimen104
\@cla=\count79
\@clb=\count80
\mscount=\count81
(/usr/share/texmf/tex/latex/base/tracefnt.sty
Package: tracefnt 1997/05/29 v3.0j Standard LaTeX package (font tracing)
\tracingfonts=\count82
LaTeX Info: Redefining \selectfont on input line 96.
)
\symbold=\mathgroup4
\symsans=\mathgroup5
\symtypewriter=\mathgroup6
\symitalic=\mathgroup7
\symsmallcaps=\mathgroup8
\symslanted=\mathgroup9
LaTeX Font Info:    Redeclaring math alphabet \mathbf on input line 288.
LaTeX Font Info:    Redeclaring math alphabet \mathsf on input line 289.
LaTeX Font Info:    Redeclaring math alphabet \mathtt on input line 290.
LaTeX Font Info:    Redeclaring math alphabet \mathit on input line 296.
LaTeX Info: Redefining \em on input line 306.

(/usr/share/texmf/tex/latex/base/latexsym.sty
Package: latexsym 1998/08/17 v2.2e Standard LaTeX package (lasy symbols)
\symlasy=\mathgroup10
LaTeX Font Info:    Overwriting symbol font `lasy' in version `bold'
(Font)                  U/lasy/m/n --> U/lasy/b/n on input line 42.
)
LaTeX Font Info:    Redeclaring math delimiter \lgroup on input line 370.
LaTeX Font Info:    Redeclaring math delimiter \rgroup on input line 372.
LaTeX Font Info:    Redeclaring math delimiter \bracevert on input line 374.

(/usr/share/texmf/tex/latex/config/latex209.cfg)
(/usr/share/texmf/tex/latex/tools/rawfonts.sty
Package: rawfonts 1994/05/08 Low-level LaTeX 2.09 font compatibility

(/usr/share/texmf/tex/latex/tools/somedefs.sty
Package: somedefs 1994/06/01 Toolkit for optional definitions
)
LaTeX Font Info:    Try loading font information for U+lasy on input line 44.

(/usr/share/texmf/tex/latex/base/ulasy.fd
File: ulasy.fd 1998/08/17 v2.2e LaTeX symbol font definitions
)))
Compatibility mode: loading iiscthes.sty rather than iiscthes.cls.
 (iiscthes.sty
Document Style Option `iiscthes' Ver 1.0 <14 Apr 91>.
(/usr/share/texmf/tex/latex/base/report.sty
Compatibility mode: inputting `report.cls' instead of obsolete `report.sty'.

(/usr/share/texmf/tex/latex/base/report.cls
Document Class: report 2001/04/21 v1.4e Standard LaTeX document class
(/usr/share/texmf/tex/latex/base/size12.clo
File: size12.clo 2001/04/21 v1.4e Standard LaTeX file (size option)
)
\c@part=\count83
\c@chapter=\count84
\c@section=\count85
\c@subsection=\count86
\c@subsubsection=\count87
\c@paragraph=\count88
\c@subparagraph=\count89
\c@figure=\count90
\c@table=\count91
\abovecaptionskip=\skip41
\belowcaptionskip=\skip42
Compatibility mode: definition of \rm ignored.
Compatibility mode: definition of \sf ignored.
Compatibility mode: definition of \tt ignored.
Compatibility mode: definition of \bf ignored.
Compatibility mode: definition of \it ignored.
Compatibility mode: definition of \sl ignored.
Compatibility mode: definition of \sc ignored.
LaTeX Info: Redefining \cal on input line 581.
LaTeX Info: Redefining \mit on input line 582.
\bibindent=\dimen105
))



\@indexfile=\write3
\openout3 = `thessamp.idx'.

Writing index file thessamp.idx
) (thessamp.aux)
\openout1 = `thessamp.aux'.

LaTeX Font Info:    Checking defaults for OML/cmm/m/it on input line 10.
LaTeX Font Info:    ... okay on input line 10.
LaTeX Font Info:    Checking defaults for T1/cmr/m/n on input line 10.
LaTeX Font Info:    ... okay on input line 10.
LaTeX Font Info:    Checking defaults for OT1/cmr/m/n on input line 10.
LaTeX Font Info:    ... okay on input line 10.
LaTeX Font Info:    Checking defaults for OMS/cmsy/m/n on input line 10.
LaTeX Font Info:    ... okay on input line 10.
LaTeX Font Info:    Checking defaults for OMX/cmex/m/n on input line 10.
LaTeX Font Info:    ... okay on input line 10.
LaTeX Font Info:    Checking defaults for U/cmr/m/n on input line 10.
LaTeX Font Info:    ... okay on input line 10.
 (iisclogo.sty
\log@xunitlength=\skip43
\log@yunitlength=\skip44
)
Typesetting IISc Logo ...
 ... done
[0

]
LaTeX Font Info:    Try loading font information for OMS+cmr on input line 39.
 (/usr/share/texmf/tex/latex/base/omscmr.fd
File: omscmr.fd 1999/05/25 v2.5h Standard LaTeX font definitions
)
LaTeX Font Info:    Font shape `OMS/cmr/bx/n' in size <14.4> not available
(Font)              Font shape `OMS/cmsy/b/n' tried instead on input line 39.
LaTeX Font Info:    External font `cmex10' loaded for size
(Font)              <12> on input line 39.
LaTeX Font Info:    External font `cmex10' loaded for size
(Font)              <8> on input line 39.
LaTeX Font Info:    External font `cmex10' loaded for size
(Font)              <6> on input line 39.
 [1] [0] [1

] [2

] [3

] [4

]
(thessamp.toc)
\tf@toc=\write4
\openout4 = `thessamp.toc'.

 [5

] (thessamp.lot)
\tf@lot=\write5
\openout5 = `thessamp.lot'.

 [6

] (thessamp.lof)
\tf@lof=\write6
\openout6 = `thessamp.lof'.

 [7

] [8

] [9

]
Chapter 1.
[1

] [2]
Chapter 2.

Underfull \hbox (badness 10000) in paragraph at lines 171--174

 []

[3

] [4] [5]
Chapter 3.

Overfull \hbox (8.73131pt too wide) in paragraph at lines 252--257
[]\OT1/cmtt/m/n/12 \setstretch \OT1/cmr/m/n/12 which takes the spac-ing as its 
ar-gu-ment. (The de-fault is []\OT1/cmtt/m/n/12 \setstretch{1.5}\OT1/cmr/m/n/12
 .)
 []

[6

] [7]
Chapter 4.
[8

] [9]
Chapter 5.
[10

]
Appendix A.
[11

] (thessamp.ind [12

] [13


]) (thessamp.aux) ) 
Here is how much of TeX's memory you used:
 614 strings out of 20880
 6462 string characters out of 196184
 146557 words of memory out of 350001
 3564 multiletter control sequences out of 10000+15000
 24258 words of font info for 90 fonts, out of 400000 for 1000
 14 hyphenation exceptions out of 10000
 28i,9n,23p,258b,272s stack positions out of 3000i,100n,1500p,50000b,4000s

Output written on thessamp.dvi (25 pages, 92064 bytes).
