\BOOKMARK [0][-]{chapter*.1}{Acknowledgements}{}% 1
\BOOKMARK [0][-]{chapter*.2}{Vita}{}% 2
\BOOKMARK [0][-]{chapter*.3}{Publications based on this Thesis}{}% 3
\BOOKMARK [0][-]{chapter*.4}{Abstract}{}% 4
\BOOKMARK [0][-]{chapter*.8}{Keywords}{}% 5
\BOOKMARK [0][-]{chapter*.9}{Notation and Abbreviations}{}% 6
\BOOKMARK [0][-]{chapter.1}{Introduction}{}% 7
\BOOKMARK [0][-]{chapter.2}{Literature Review}{}% 8
\BOOKMARK [1][-]{section.2.1}{Cold Dwell Fatigue in titanium}{chapter.2}% 9
\BOOKMARK [0][-]{chapter.3}{Experimental Details}{}% 10
\BOOKMARK [1][-]{section.3.1}{Titanium 6246 Alloy}{chapter.3}% 11
\BOOKMARK [1][-]{section.3.2}{Titanium 6242 Alloy}{chapter.3}% 12
\BOOKMARK [2][-]{subsection.3.2.1}{EDM Cutting}{section.3.2}% 13
\BOOKMARK [2][-]{subsection.3.2.2}{Slow Speed Cutting of Cross-Section Sample}{section.3.2}% 14
\BOOKMARK [1][-]{section.3.3}{Initial Microstructure}{chapter.3}% 15
\BOOKMARK [2][-]{subsection.3.3.1}{Ti-6246}{section.3.3}% 16
\BOOKMARK [2][-]{subsection.3.3.2}{Ti-6242}{section.3.3}% 17
\BOOKMARK [1][-]{section.3.4}{Area Fraction Analysis}{chapter.3}% 18
\BOOKMARK [2][-]{subsection.3.4.1}{ImageJ}{section.3.4}% 19
\BOOKMARK [2][-]{subsection.3.4.2}{Matlab}{section.3.4}% 20
\BOOKMARK [1][-]{section.3.5}{Tensile Test}{chapter.3}% 21
\BOOKMARK [1][-]{section.3.6}{Fatigue Test}{chapter.3}% 22
\BOOKMARK [0][-]{chapter.4}{Results and Discussion}{}% 23
\BOOKMARK [0][-]{chapter.5}{Summary and Conclusions}{}% 24
\BOOKMARK [0][-]{chapter.6}{Scope for Future Work}{}% 25
